<?xml version="1.0" encoding="UTF-8"?>
<testng-results ignored="0" total="2" passed="2" failed="0" skipped="0">
  <reporter-output>
  </reporter-output>
  <suite started-at="2022-10-11T19:09:10 PDT" name="Default suite" finished-at="2022-10-11T19:09:13 PDT" duration-ms="2373">
    <groups>
    </groups>
    <test started-at="2022-10-11T19:09:10 PDT" name="Default test" finished-at="2022-10-11T19:09:13 PDT" duration-ms="2373">
      <class name="WithBDD.ReqSpecex">
        <test-method is-config="true" signature="setRequestSpec()[pri:0, instance:WithBDD.ReqSpecex@e056f20]" started-at="2022-10-11T19:09:09 PDT" name="setRequestSpec" finished-at="2022-10-11T19:09:10 PDT" duration-ms="1014" status="PASS">
          <reporter-output>
          </reporter-output>
        </test-method> <!-- setRequestSpec -->
        <test-method signature="getEmp()[pri:0, instance:WithBDD.ReqSpecex@e056f20]" started-at="2022-10-11T19:09:10 PDT" name="getEmp" finished-at="2022-10-11T19:09:12 PDT" duration-ms="2186" status="PASS">
          <reporter-output>
          </reporter-output>
        </test-method> <!-- getEmp -->
        <test-method signature="getEmp400()[pri:0, instance:WithBDD.ReqSpecex@e056f20]" started-at="2022-10-11T19:09:12 PDT" name="getEmp400" finished-at="2022-10-11T19:09:13 PDT" duration-ms="115" status="PASS">
          <reporter-output>
          </reporter-output>
        </test-method> <!-- getEmp400 -->
      </class> <!-- WithBDD.ReqSpecex -->
    </test> <!-- Default test -->
  </suite> <!-- Default suite -->
</testng-results>
